memory profiling: sample.interval=20000
:14699170:152792666:518920752:0:
:14699170:152792666:518920752:0:
:14699170:152792666:518920752:0:
:14699170:152792666:518920752:0:
:14699170:152792666:518920752:0:
:14699180:152987198:519246448:0:"lapply" "staty_giver_lista" 
:14699180:152987198:522795336:0:"FUN" "lapply" "staty_giver_lista" 
:14699180:152987198:526725416:0:"FUN" "lapply" "staty_giver_lista" 
:14699180:152987198:531206872:0:"lapply" "staty_giver_lista" 
:14699180:152987198:536004672:0:"lapply" "staty_giver_lista" 
:14699180:152987198:541393048:0:"lapply" "staty_giver_lista" 
:14699180:152987198:547310288:0:"FUN" "lapply" "staty_giver_lista" 
:14699180:152987198:553703640:0:"FUN" "lapply" "staty_giver_lista" 
:14699180:152987198:560448392:0:"lapply" "staty_giver_lista" 
:14699180:152987198:567716520:0:"lapply" "staty_giver_lista" 
:14699180:152987198:574387632:0:"FUN" "lapply" "staty_giver_lista" 
:14699180:152987198:581107352:0:"lapply" "staty_giver_lista" 
:14699180:152987198:587868792:0:"FUN" "lapply" "staty_giver_lista" 
:14699180:152987198:594729240:0:"lapply" "staty_giver_lista" 
:14699180:152987198:601145664:0:"FUN" "lapply" "staty_giver_lista" 
:14699180:152987198:607653816:0:"lapply" "staty_giver_lista" 
:14699180:152987198:614072760:0:"lapply" "staty_giver_lista" 
:14699232:152987215:616986832:13:"structure" "object.size" "<Anonymous>" 
:14709803:153181747:622570088:75:"lapply" 
:14728409:153181747:632989336:0:"lapply" 
:14747956:153181747:643935768:0:"lapply" 
:14769001:153181747:655720856:0:"lapply" 
:14790756:153181747:667903768:0:"lapply" 
:14798305:153181747:672131376:0:"FUN" "lapply" 
:14794774:153159161:487867968:0:"lapply" 
:14817188:153159161:500419920:0:"lapply" 
:14840344:153159161:513387224:0:"lapply" 
:14863129:153159161:526147048:0:"FUN" "lapply" 
:14877816:153159161:534371488:0:
:14877816:153159161:534371488:0:
:14877816:153159161:534371488:0:
:14877816:153159161:534371488:0:
:14877816:153159161:534371488:0:
:14877816:153159161:534371488:0:
:14877816:153159161:534371488:0:
:14877816:153159161:534371488:0:
:14877816:153159161:534371488:0:
:14877816:153159161:534371488:0:
:14877816:153159161:534371488:0:
:14877816:153159161:534371488:0:
:14877816:153159161:534371488:0:
:14877816:153159161:534371488:0:
:14877816:153159161:534371488:0:
:14877816:153159161:534371488:0:
:14877816:153159161:534371488:0:
:14877816:153159161:534371488:0:
:14877816:153159161:534371488:0:
:14877816:153159161:534371488:0:
:14877816:153159161:534371488:0:
:14877816:153159161:534371488:0:
:14877816:153159161:534371488:0:
:14877816:153159161:534371488:0:
:14877816:153159161:534371488:0:
:14877816:153159161:534371488:0:
:14877816:153159161:534371488:0:
:14877816:153159161:534371488:0:
:14877816:153159161:534371488:0:
:14877816:153159161:534371488:0:
:14877816:153159161:534371488:0:
:14877816:153159161:534371488:0:
:14877816:153159161:534371488:0:
:14877816:153159161:534371488:0:
:14877816:153159161:534371488:0:
:14877816:153159161:534371488:0:
:14877816:153159161:534371488:0:
:14877816:153159161:534371488:0:
:14877816:153159161:534371488:0:
:14877816:153159161:534371488:0:
:14877816:153159161:534371488:0:
:14877816:153159161:534371488:0:
:14877816:153159161:534371488:0:
:14877816:153159161:534371488:0:
:14877816:153159161:534371488:0:
:14877816:153159161:534371488:0:
:14877816:153159161:534371488:0:
:14877816:153159161:534371488:0:
:14877816:153159161:534371488:0:
:14877816:153159161:534371488:0:
:14877816:153159161:534371488:0:
