sample.interval=20000
"match.call" "stopifnot" "approx" "FUN" "lapply" 
"match.call" "stopifnot" "approx" "FUN" "lapply" 
"stopifnot" "approx" "FUN" "lapply" 
"unique" "regularize.values" "approx" "FUN" "lapply" 
"[.data.frame" "[" "which" "FUN" "lapply" 
"unique.default" "unique" "regularize.values" "approx" "FUN" "lapply" 
"sys.call" "match" "%in%" "[.data.frame" "[" "xy.coords" "regularize.values" "approx" "FUN" "lapply" 
"stopifnot" "approx" "FUN" "lapply" 
"[.data.frame" "[" "xy.coords" "regularize.values" "approx" "FUN" "lapply" 
"regularize.values" "approx" "FUN" "lapply" 
"FUN" "lapply" 
"approx" "FUN" "lapply" 
"sys.parent" "sys.function" "match.call" "stopifnot" "approx" "FUN" "lapply" 
"[.data.frame" "[" "which" "FUN" "lapply" 
"order" "regularize.values" "approx" "FUN" "lapply" 
"approx" "FUN" "lapply" 
"stopifnot" "approx" "FUN" "lapply" 
"[.data.frame" "[" "xy.coords" "regularize.values" "approx" "FUN" "lapply" 
"match" "%in%" "[.data.frame" "[" "which" "FUN" "lapply" 
"regularize.values" "approx" "FUN" "lapply" 
"match.call" "stopifnot" "approx" "FUN" "lapply" 
"[" "xy.coords" "regularize.values" "approx" "FUN" "lapply" 
"regularize.values" "approx" "FUN" "lapply" 
"regularize.values" "approx" "FUN" "lapply" 
"match" "%in%" "[.data.frame" "[" "xy.coords" "regularize.values" "approx" "FUN" "lapply" 
"match.call" "stopifnot" "approx" "FUN" "lapply" 
"match.fun" "lapply" "unlist" "order" "regularize.values" "approx" "FUN" "lapply" 
"xy.coords" "regularize.values" "approx" "FUN" "lapply" 
"regularize.values" "approx" "FUN" "lapply" 
"[.data.frame" "[" "xy.coords" "regularize.values" "approx" "FUN" "lapply" 
"stopifnot" "approx" "FUN" "lapply" 
"anyNA" "stopifnot" "approx" "FUN" "lapply" 
"sys.call" "match" "%in%" "[.data.frame" "[" "which" "FUN" "lapply" 
"names" "names" "[.data.frame" "[" "which" "FUN" "lapply" 
"approx" "FUN" "lapply" 
"names" "names" "[.data.frame" "[" "which" "FUN" "lapply" 
"sys.parent" "sys.function" "match.call" "stopifnot" "approx" "FUN" "lapply" 
"approx" "FUN" "lapply" 
"unique" "regularize.values" "approx" "FUN" "lapply" 
"match.call" "stopifnot" "approx" "FUN" "lapply" 
"[.data.frame" "[" "xy.coords" "regularize.values" "approx" "FUN" "lapply" 
"sys.function" "match.call" "stopifnot" "approx" "FUN" "lapply" 
"xy.coords" "regularize.values" "approx" "FUN" "lapply" 
"&" "which" "FUN" "lapply" 
"regularize.values" "approx" "FUN" "lapply" 
"match" "%in%" "[.data.frame" "[" "xy.coords" "regularize.values" "approx" "FUN" "lapply" 
"%in%" "[.data.frame" "[" "which" "FUN" "lapply" 
"sys.call" "match" "%in%" "[.data.frame" "[" "xy.coords" "regularize.values" "approx" "FUN" "lapply" 
"regularize.values" "approx" "FUN" "lapply" 
"xy.coords" "regularize.values" "approx" "FUN" "lapply" 
"[" "which" "FUN" "lapply" 
"[" "which" "FUN" "lapply" 
"%in%" "[.data.frame" "[" "which" "FUN" "lapply" 
"parent.frame" "match.call" "stopifnot" "approx" "FUN" "lapply" 
"stopifnot" "approx" "FUN" "lapply" 
"[.data.frame" "[" "which" "FUN" "lapply" 
"match.call" "stopifnot" "approx" "FUN" "lapply" 
"which" "FUN" "lapply" 
"sys.call" "match" "%in%" "[.data.frame" "[" "which" "FUN" "lapply" 
"[.data.frame" "[" "which" "FUN" "lapply" 
"regularize.values" "approx" "FUN" "lapply" 
"match" "%in%" "[.data.frame" "[" "xy.coords" "regularize.values" "approx" "FUN" "lapply" 
"match.call" "stopifnot" "approx" "FUN" "lapply" 
"order" "regularize.values" "approx" "FUN" "lapply" 
"order" "regularize.values" "approx" "FUN" "lapply" 
"stopifnot" "approx" "FUN" "lapply" 
"[.data.frame" "[" "xy.coords" "regularize.values" "approx" "FUN" "lapply" 
"unique.default" "unique" "regularize.values" "approx" "FUN" "lapply" 
"[.data.frame" "[" "xy.coords" "regularize.values" "approx" "FUN" "lapply" 
"regularize.values" "approx" "FUN" "lapply" 
"which" "FUN" "lapply" 
"order" "regularize.values" "approx" "FUN" "lapply" 
"match" "%in%" "[.data.frame" "[" "which" "FUN" "lapply" 
"all" "[.data.frame" "[" "which" "FUN" "lapply" 
"sys.call" "match.call" "stopifnot" "approx" "FUN" "lapply" 
"approx" "FUN" "lapply" 
"order" "regularize.values" "approx" "FUN" "lapply" 
".subset" "[.data.frame" "[" "xy.coords" "regularize.values" "approx" "FUN" "lapply" 
"stopifnot" "approx" "FUN" "lapply" 
"stopifnot" "approx" "FUN" "lapply" 
"regularize.values" "approx" "FUN" "lapply" 
"%in%" "[.data.frame" "[" "xy.coords" "regularize.values" "approx" "FUN" "lapply" 
"names" "names" "[.data.frame" "[" "which" "FUN" "lapply" 
"approx" "FUN" "lapply" 
"match" "%in%" "[.data.frame" "[" "which" "FUN" "lapply" 
"names" "names" "[.data.frame" "[" "xy.coords" "regularize.values" "approx" "FUN" "lapply" 
"regularize.values" "approx" "FUN" "lapply" 
"length" "[.data.frame" "[" "xy.coords" "regularize.values" "approx" "FUN" "lapply" 
"is.factor" "unique.default" "unique" "regularize.values" "approx" "FUN" "lapply" 
"[.data.frame" "[" "which" "FUN" "lapply" 
"&" "which" "FUN" "lapply" 
"regularize.values" "approx" "FUN" "lapply" 
"regularize.values" "approx" "FUN" "lapply" 
"sys.parent" "sys.call" "match.call" "stopifnot" "approx" "FUN" "lapply" 
"approx" "FUN" "lapply" 
".subset" "[.data.frame" "[" "which" "FUN" "lapply" 
"order" "regularize.values" "approx" "FUN" "lapply" 
"order" "regularize.values" "approx" "FUN" "lapply" 
"<" "which" "FUN" "lapply" 
"approx" "FUN" "lapply" 
"regularize.values" "approx" "FUN" "lapply" 
"stopifnot" "approx" "FUN" "lapply" 
"match.call" "stopifnot" "approx" "FUN" "lapply" 
"<" "which" "FUN" "lapply" 
"unique" "regularize.values" "approx" "FUN" "lapply" 
"unique.default" "unique" "regularize.values" "approx" "FUN" "lapply" 
"unique" "regularize.values" "approx" "FUN" "lapply" 
"approx" "FUN" "lapply" 
"which" "FUN" "lapply" 
"approx" "FUN" "lapply" 
".subset" "[.data.frame" "[" "which" "FUN" "lapply" 
"order" "regularize.values" "approx" "FUN" "lapply" 
"[.data.frame" "[" "xy.coords" "regularize.values" "approx" "FUN" "lapply" 
"%in%" "[.data.frame" "[" "xy.coords" "regularize.values" "approx" "FUN" "lapply" 
"approx" "FUN" "lapply" 
"lapply" "unlist" "order" "regularize.values" "approx" "FUN" "lapply" 
"[" "xy.coords" "regularize.values" "approx" "FUN" "lapply" 
"match" "%in%" "[.data.frame" "[" "which" "FUN" "lapply" 
"[.data.frame" "[" "which" "FUN" "lapply" 
"approx" "FUN" "lapply" 
"match.call" "stopifnot" "approx" "FUN" "lapply" 
"sys.call" "match" "%in%" "[.data.frame" "[" "which" "FUN" "lapply" 
"names" "names" "[.data.frame" "[" "which" "FUN" "lapply" 
"[" "which" "FUN" "lapply" 
"order" "regularize.values" "approx" "FUN" "lapply" 
"order" "regularize.values" "approx" "FUN" "lapply" 
"approx" "FUN" "lapply" 
"[.data.frame" "[" "which" "FUN" "lapply" 
"[.data.frame" "[" "xy.coords" "regularize.values" "approx" "FUN" "lapply" 
"approx" "FUN" "lapply" 
"names" "names" "[.data.frame" "[" "which" "FUN" "lapply" 
"match.call" "stopifnot" "approx" "FUN" "lapply" 
"length" "stopifnot" "approx" "FUN" "lapply" 
"stopifnot" "approx" "FUN" "lapply" 
"stopifnot" "approx" "FUN" "lapply" 
"&" "which" "FUN" "lapply" 
"match.call" "stopifnot" "approx" "FUN" "lapply" 
"[.data.frame" "[" "which" "FUN" "lapply" 
"<" "which" "FUN" "lapply" 
"[" "which" "FUN" "lapply" 
"sys.call" "match.call" "stopifnot" "approx" "FUN" "lapply" 
"stopifnot" "approx" "FUN" "lapply" 
"xy.coords" "regularize.values" "approx" "FUN" "lapply" 
"match" "%in%" "[.data.frame" "[" "which" "FUN" "lapply" 
"which" "FUN" "lapply" 
"match.call" "stopifnot" "approx" "FUN" "lapply" 
"sys.parent" "sys.call" "match.call" "stopifnot" "approx" "FUN" "lapply" 
"match.call" "stopifnot" "approx" "FUN" "lapply" 
"<" "which" "FUN" "lapply" 
"[.data.frame" "[" "xy.coords" "regularize.values" "approx" "FUN" "lapply" 
".subset" "[.data.frame" "[" "xy.coords" "regularize.values" "approx" "FUN" "lapply" 
"match" "%in%" "[.data.frame" "[" "xy.coords" "regularize.values" "approx" "FUN" "lapply" 
"match.call" "stopifnot" "approx" "FUN" "lapply" 
"sys.call" "match.call" "stopifnot" "approx" "FUN" "lapply" 
"all" "stopifnot" "approx" "FUN" "lapply" 
".subset" "[.data.frame" "[" "xy.coords" "regularize.values" "approx" "FUN" "lapply" 
"match.call" "stopifnot" "approx" "FUN" "lapply" 
"approx" "FUN" "lapply" 
"[" "xy.coords" "regularize.values" "approx" "FUN" "lapply" 
"[.data.frame" "[" "which" "FUN" "lapply" 
"stopifnot" "approx" "FUN" "lapply" 
"list" "regularize.values" "approx" "FUN" "lapply" 
"match.call" "stopifnot" "approx" "FUN" "lapply" 
"list" "approx" "FUN" "lapply" 
"stopifnot" "approx" "FUN" "lapply" 
"order" "regularize.values" "approx" "FUN" "lapply" 
"order" "regularize.values" "approx" "FUN" "lapply" 
"[" "which" "FUN" "lapply" 
"match.call" "stopifnot" "approx" "FUN" "lapply" 
"is.na" "regularize.values" "approx" "FUN" "lapply" 
"approx" "FUN" "lapply" 
"regularize.values" "approx" "FUN" "lapply" 
"stopifnot" "approx" "FUN" "lapply" 
"stopifnot" "approx" "FUN" "lapply" 
"names" "names" "[.data.frame" "[" "which" "FUN" "lapply" 
"[.data.frame" "[" "which" "FUN" "lapply" 
"%in%" "[.data.frame" "[" "xy.coords" "regularize.values" "approx" "FUN" "lapply" 
"[.data.frame" "[" "which" "FUN" "lapply" 
"&" "which" "FUN" "lapply" 
"sys.function" "match.call" "stopifnot" "approx" "FUN" "lapply" 
"FUN" "lapply" 
"regularize.values" "approx" "FUN" "lapply" 
"unique.default" "unique" "regularize.values" "approx" "FUN" "lapply" 
"[.data.frame" "[" "which" "FUN" "lapply" 
"match" "%in%" "[.data.frame" "[" "xy.coords" "regularize.values" "approx" "FUN" "lapply" 
"[" "which" "FUN" "lapply" 
"match.call" "stopifnot" "approx" "FUN" "lapply" 
"[.data.frame" "[" "xy.coords" "regularize.values" "approx" "FUN" "lapply" 
"xy.coords" "regularize.values" "approx" "FUN" "lapply" 
"names" "[.data.frame" "[" "xy.coords" "regularize.values" "approx" "FUN" "lapply" 
"sys.call" "match" "%in%" "[.data.frame" "[" "xy.coords" "regularize.values" "approx" "FUN" "lapply" 
"regularize.values" "approx" "FUN" "lapply" 
"regularize.values" "approx" "FUN" "lapply" 
"names" "[.data.frame" "[" "which" "FUN" "lapply" 
"approx" "FUN" "lapply" 
"match.call" "stopifnot" "approx" "FUN" "lapply" 
"is.na" "regularize.values" "approx" "FUN" "lapply" 
"regularize.values" "approx" "FUN" "lapply" 
"unique" "regularize.values" "approx" "FUN" "lapply" 
"[.data.frame" "[" "xy.coords" "regularize.values" "approx" "FUN" "lapply" 
"[.data.frame" "[" "which" "FUN" "lapply" 
".subset" "[.data.frame" "[" "xy.coords" "regularize.values" "approx" "FUN" "lapply" 
"unique.default" "unique" "regularize.values" "approx" "FUN" "lapply" 
"[.data.frame" "[" "which" "FUN" "lapply" 
"lapply" 
"&" "which" "FUN" "lapply" 
"order" "regularize.values" "approx" "FUN" "lapply" 
"lapply" 
"%in%" "[.data.frame" "[" "which" "FUN" "lapply" 
"approx" "FUN" "lapply" 
"sys.call" "match" "%in%" "[.data.frame" "[" "which" "FUN" "lapply" 
"approx" "FUN" "lapply" 
"regularize.values" "approx" "FUN" "lapply" 
"[.data.frame" "[" "which" "FUN" "lapply" 
"regularize.values" "approx" "FUN" "lapply" 
"[.data.frame" "[" "xy.coords" "regularize.values" "approx" "FUN" "lapply" 
"approx" "FUN" "lapply" 
"[.data.frame" "[" "which" "FUN" "lapply" 
"order" "regularize.values" "approx" "FUN" "lapply" 
"sys.call" "match" "%in%" "[.data.frame" "[" "which" "FUN" "lapply" 
"regularize.values" "approx" "FUN" "lapply" 
"names" "names" "[.data.frame" "[" "xy.coords" "regularize.values" "approx" "FUN" "lapply" 
"approx" "FUN" "lapply" 
"approx" "FUN" "lapply" 
"match.call" "stopifnot" "approx" "FUN" "lapply" 
"stopifnot" "approx" "FUN" "lapply" 
"[" "which" "FUN" "lapply" 
"approx" "FUN" "lapply" 
"[" "which" "FUN" "lapply" 
"stopifnot" "approx" "FUN" "lapply" 
"%in%" "[.data.frame" "[" "which" "FUN" "lapply" 
"order" "regularize.values" "approx" "FUN" "lapply" 
"[.data.frame" "[" "which" "FUN" "lapply" 
"FUN" "lapply" 
".subset" "[.data.frame" "[" "xy.coords" "regularize.values" "approx" "FUN" "lapply" 
"regularize.values" "approx" "FUN" "lapply" 
"xy.coords" "regularize.values" "approx" "FUN" "lapply" 
"anyNA" "[.data.frame" "[" "xy.coords" "regularize.values" "approx" "FUN" "lapply" 
"match" "%in%" "[.data.frame" "[" "which" "FUN" "lapply" 
"stopifnot" "approx" "FUN" "lapply" 
"parent.frame" "match.call" "stopifnot" "approx" "FUN" "lapply" 
"parent.frame" "match.call" "stopifnot" "approx" "FUN" "lapply" 
"sys.call" "match.call" "stopifnot" "approx" "FUN" "lapply" 
"[" "xy.coords" "regularize.values" "approx" "FUN" "lapply" 
"order" "regularize.values" "approx" "FUN" "lapply" 
"order" "regularize.values" "approx" "FUN" "lapply" 
"[" "xy.coords" "regularize.values" "approx" "FUN" "lapply" 
"order" "regularize.values" "approx" "FUN" "lapply" 
"order" "regularize.values" "approx" "FUN" "lapply" 
"is.na" "regularize.values" "approx" "FUN" "lapply" 
"order" "regularize.values" "approx" "FUN" "lapply" 
"match" "%in%" "[.data.frame" "[" "which" "FUN" "lapply" 
"sys.parent" "sys.function" "match.call" "stopifnot" "approx" "FUN" "lapply" 
"[.data.frame" "[" "xy.coords" "regularize.values" "approx" "FUN" "lapply" 
"unique.default" "unique" "regularize.values" "approx" "FUN" "lapply" 
"approx" "FUN" "lapply" 
"approx" "FUN" "lapply" 
"xy.coords" "regularize.values" "approx" "FUN" "lapply" 
"unique" "regularize.values" "approx" "FUN" "lapply" 
"order" "regularize.values" "approx" "FUN" "lapply" 
"[.data.frame" "[" "xy.coords" "regularize.values" "approx" "FUN" "lapply" 
"approx" "FUN" "lapply" 
"sys.call" "match" "%in%" "[.data.frame" "[" "xy.coords" "regularize.values" "approx" "FUN" "lapply" 
"order" "regularize.values" "approx" "FUN" "lapply" 
"unique.default" "unique" "regularize.values" "approx" "FUN" "lapply" 
"sys.function" "match.call" "stopifnot" "approx" "FUN" "lapply" 
"all" "[.data.frame" "[" "which" "FUN" "lapply" 
"approx" "FUN" "lapply" 
"FUN" "lapply" 
"pmatch" "approx" "FUN" "lapply" 
"match" "%in%" "[.data.frame" "[" "xy.coords" "regularize.values" "approx" "FUN" "lapply" 
"all" "stopifnot" "approx" "FUN" "lapply" 
"approx" "FUN" "lapply" 
"%in%" "[.data.frame" "[" "which" "FUN" "lapply" 
"names" "[.data.frame" "[" "xy.coords" "regularize.values" "approx" "FUN" "lapply" 
"regularize.values" "approx" "FUN" "lapply" 
"which" "FUN" "lapply" 
"stopifnot" "approx" "FUN" "lapply" 
"[.data.frame" "[" "xy.coords" "regularize.values" "approx" "FUN" "lapply" 
"[.data.frame" "[" "xy.coords" "regularize.values" "approx" "FUN" "lapply" 
"[.data.frame" "[" "xy.coords" "regularize.values" "approx" "FUN" "lapply" 
"unlist" "order" "regularize.values" "approx" "FUN" "lapply" 
"stopifnot" "approx" "FUN" "lapply" 
"lapply" 
"unique.default" "unique" "regularize.values" "approx" "FUN" "lapply" 
"stopifnot" "approx" "FUN" "lapply" 
"xy.coords" "regularize.values" "approx" "FUN" "lapply" 
"match.call" "stopifnot" "approx" "FUN" "lapply" 
"approx" "FUN" "lapply" 
"unique" "regularize.values" "approx" "FUN" "lapply" 
"match.call" "stopifnot" "approx" "FUN" "lapply" 
"order" "regularize.values" "approx" "FUN" "lapply" 
"unique" "regularize.values" "approx" "FUN" "lapply" 
"regularize.values" "approx" "FUN" "lapply" 
"stopifnot" "approx" "FUN" "lapply" 
"names" "names" "[.data.frame" "[" "which" "FUN" "lapply" 
"xy.coords" "regularize.values" "approx" "FUN" "lapply" 
"xy.coords" "regularize.values" "approx" "FUN" "lapply" 
"regularize.values" "approx" "FUN" "lapply" 
"order" "regularize.values" "approx" "FUN" "lapply" 
"match" "%in%" "[.data.frame" "[" "which" "FUN" "lapply" 
"[.data.frame" "[" "xy.coords" "regularize.values" "approx" "FUN" "lapply" 
"order" "regularize.values" "approx" "FUN" "lapply" 
"sys.call" "match" "%in%" "[.data.frame" "[" "xy.coords" "regularize.values" "approx" "FUN" "lapply" 
"approx" "FUN" "lapply" 
"order" "regularize.values" "approx" "FUN" "lapply" 
"lapply" 
"approx" "FUN" "lapply" 
"unlist" "order" "regularize.values" "approx" "FUN" "lapply" 
"sys.function" "match.call" "stopifnot" "approx" "FUN" "lapply" 
"approx" "FUN" "lapply" 
"approx" "FUN" "lapply" 
"approx" "FUN" "lapply" 
"order" "regularize.values" "approx" "FUN" "lapply" 
"[.data.frame" "[" "which" "FUN" "lapply" 
"approx" "FUN" "lapply" 
"order" "regularize.values" "approx" "FUN" "lapply" 
"approx" "FUN" "lapply" 
"stopifnot" "approx" "FUN" "lapply" 
"sys.parent" "sys.call" "match.call" "stopifnot" "approx" "FUN" "lapply" 
"which" "FUN" "lapply" 
"is.na" "regularize.values" "approx" "FUN" "lapply" 
"match.call" "stopifnot" "approx" "FUN" "lapply" 
"xy.coords" "regularize.values" "approx" "FUN" "lapply" 
"[" "xy.coords" "regularize.values" "approx" "FUN" "lapply" 
"match" "%in%" "[.data.frame" "[" "xy.coords" "regularize.values" "approx" "FUN" "lapply" 
"approx" "FUN" "lapply" 
"approx" "FUN" "lapply" 
"&" "which" "FUN" "lapply" 
"order" "regularize.values" "approx" "FUN" "lapply" 
"xy.coords" "regularize.values" "approx" "FUN" "lapply" 
"order" "regularize.values" "approx" "FUN" "lapply" 
"list" "approx" "FUN" "lapply" 
"order" "regularize.values" "approx" "FUN" "lapply" 
"match" "%in%" "[.data.frame" "[" "xy.coords" "regularize.values" "approx" "FUN" "lapply" 
"approx" "FUN" "lapply" 
"%in%" "[.data.frame" "[" "xy.coords" "regularize.values" "approx" "FUN" "lapply" 
"unique" "regularize.values" "approx" "FUN" "lapply" 
"match.call" "stopifnot" "approx" "FUN" "lapply" 
"match" "%in%" "[.data.frame" "[" "xy.coords" "regularize.values" "approx" "FUN" "lapply" 
"all" "[.data.frame" "[" "xy.coords" "regularize.values" "approx" "FUN" "lapply" 
"sys.parent" "sys.call" "match.call" "stopifnot" "approx" "FUN" "lapply" 
"unique.default" "unique" "regularize.values" "approx" "FUN" "lapply" 
"sys.function" "match.call" "stopifnot" "approx" "FUN" "lapply" 
"regularize.values" "approx" "FUN" "lapply" 
"match" "%in%" "[.data.frame" "[" "which" "FUN" "lapply" 
"sys.function" "match.call" "stopifnot" "approx" "FUN" "lapply" 
"names" "names" "[.data.frame" "[" "which" "FUN" "lapply" 
"sys.parent" "sys.function" "match.call" "stopifnot" "approx" "FUN" "lapply" 
"xy.coords" "regularize.values" "approx" "FUN" "lapply" 
"[" "which" "FUN" "lapply" 
"regularize.values" "approx" "FUN" "lapply" 
"unique" "regularize.values" "approx" "FUN" "lapply" 
"unique.default" "unique" "regularize.values" "approx" "FUN" "lapply" 
"[.data.frame" "[" "xy.coords" "regularize.values" "approx" "FUN" "lapply" 
"is.na" "regularize.values" "approx" "FUN" "lapply" 
"%in%" "[.data.frame" "[" "xy.coords" "regularize.values" "approx" "FUN" "lapply" 
"approx" "FUN" "lapply" 
"unique.default" "unique" "regularize.values" "approx" "FUN" "lapply" 
"[.data.frame" "[" "xy.coords" "regularize.values" "approx" "FUN" "lapply" 
"match" "%in%" "[.data.frame" "[" "which" "FUN" "lapply" 
"[.data.frame" "[" "xy.coords" "regularize.values" "approx" "FUN" "lapply" 
"stopifnot" "approx" "FUN" "lapply" 
"[.data.frame" "[" "which" "FUN" "lapply" 
"xy.coords" "regularize.values" "approx" "FUN" "lapply" 
"regularize.values" "approx" "FUN" "lapply" 
"list" "regularize.values" "approx" "FUN" "lapply" 
"[.data.frame" "[" "which" "FUN" "lapply" 
"%in%" "[.data.frame" "[" "xy.coords" "regularize.values" "approx" "FUN" "lapply" 
"match" "%in%" "[.data.frame" "[" "xy.coords" "regularize.values" "approx" "FUN" "lapply" 
"approx" "FUN" "lapply" 
"unique.default" "unique" "regularize.values" "approx" "FUN" "lapply" 
"list" "xy.coords" "regularize.values" "approx" "FUN" "lapply" 
"is.factor" "unique.default" "unique" "regularize.values" "approx" "FUN" "lapply" 
"order" "regularize.values" "approx" "FUN" "lapply" 
"match.call" "stopifnot" "approx" "FUN" "lapply" 
"approx" "FUN" "lapply" 
"approx" "FUN" "lapply" 
"match" "%in%" "[.data.frame" "[" "which" "FUN" "lapply" 
"pmatch" "approx" "FUN" "lapply" 
"regularize.values" "approx" "FUN" "lapply" 
".subset" "[.data.frame" "[" "xy.coords" "regularize.values" "approx" "FUN" "lapply" 
"approx" "FUN" "lapply" 
"unique" "regularize.values" "approx" "FUN" "lapply" 
">" "which" "FUN" "lapply" 
"[.data.frame" "[" "xy.coords" "regularize.values" "approx" "FUN" "lapply" 
"stopifnot" "approx" "FUN" "lapply" 
"[.data.frame" "[" "which" "FUN" "lapply" 
"regularize.values" "approx" "FUN" "lapply" 
"unique.default" "unique" "regularize.values" "approx" "FUN" "lapply" 
"regularize.values" "approx" "FUN" "lapply" 
"stopifnot" "approx" "FUN" "lapply" 
"[.data.frame" "[" "xy.coords" "regularize.values" "approx" "FUN" "lapply" 
"all" "[.data.frame" "[" "which" "FUN" "lapply" 
"list" "regularize.values" "approx" "FUN" "lapply" 
"regularize.values" "approx" "FUN" "lapply" 
"order" "regularize.values" "approx" "FUN" "lapply" 
"unlist" "order" "regularize.values" "approx" "FUN" "lapply" 
"match" "%in%" "[.data.frame" "[" "which" "FUN" "lapply" 
"[" "xy.coords" "regularize.values" "approx" "FUN" "lapply" 
"%in%" "[.data.frame" "[" "which" "FUN" "lapply" 
"sys.parent" "sys.call" "match.call" "stopifnot" "approx" "FUN" "lapply" 
"which" "FUN" "lapply" 
"lapply" "unlist" "order" "regularize.values" "approx" "FUN" "lapply" 
"names" "match" "%in%" "[.data.frame" "[" "which" "FUN" "lapply" 
"[" "which" "FUN" "lapply" 
"xy.coords" "regularize.values" "approx" "FUN" "lapply" 
"all" "stopifnot" "approx" "FUN" "lapply" 
"all" "stopifnot" "approx" "FUN" "lapply" 
"sys.call" "match.call" "stopifnot" "approx" "FUN" "lapply" 
"[.data.frame" "[" "which" "FUN" "lapply" 
"%in%" "[.data.frame" "[" "xy.coords" "regularize.values" "approx" "FUN" "lapply" 
"regularize.values" "approx" "FUN" "lapply" 
"unique.default" "unique" "regularize.values" "approx" "FUN" "lapply" 
"approx" "FUN" "lapply" 
"FUN" "lapply" 
"xy.coords" "regularize.values" "approx" "FUN" "lapply" 
"approx" "FUN" "lapply" 
"match.call" "stopifnot" "approx" "FUN" "lapply" 
"names" "[.data.frame" "[" "which" "FUN" "lapply" 
"xy.coords" "regularize.values" "approx" "FUN" "lapply" 
"names" "names" "[.data.frame" "[" "xy.coords" "regularize.values" "approx" "FUN" "lapply" 
"regularize.values" "approx" "FUN" "lapply" 
"regularize.values" "approx" "FUN" "lapply" 
"which" "FUN" "lapply" 
"order" "regularize.values" "approx" "FUN" "lapply" 
"names" "names" "[.data.frame" "[" "xy.coords" "regularize.values" "approx" "FUN" "lapply" 
"regularize.values" "approx" "FUN" "lapply" 
"order" "regularize.values" "approx" "FUN" "lapply" 
"stopifnot" "approx" "FUN" "lapply" 
"lapply" "unlist" "order" "regularize.values" "approx" "FUN" "lapply" 
"approx" "FUN" "lapply" 
"match" "%in%" "[.data.frame" "[" "xy.coords" "regularize.values" "approx" "FUN" "lapply" 
"regularize.values" "approx" "FUN" "lapply" 
"unique" "regularize.values" "approx" "FUN" "lapply" 
"which" "FUN" "lapply" 
"sys.call" "match.call" "stopifnot" "approx" "FUN" "lapply" 
"[.data.frame" "[" "xy.coords" "regularize.values" "approx" "FUN" "lapply" 
"order" "regularize.values" "approx" "FUN" "lapply" 
"names" "names" "[.data.frame" "[" "xy.coords" "regularize.values" "approx" "FUN" "lapply" 
"list" "regularize.values" "approx" "FUN" "lapply" 
"unique.default" "unique" "regularize.values" "approx" "FUN" "lapply" 
"[.data.frame" "[" "xy.coords" "regularize.values" "approx" "FUN" "lapply" 
"regularize.values" "approx" "FUN" "lapply" 
"xy.coords" "regularize.values" "approx" "FUN" "lapply" 
"order" "regularize.values" "approx" "FUN" "lapply" 
"lapply" "unlist" "order" "regularize.values" "approx" "FUN" "lapply" 
"approx" "FUN" "lapply" 
"regularize.values" "approx" "FUN" "lapply" 
"sys.parent" "sys.function" "match.call" "stopifnot" "approx" "FUN" "lapply" 
"order" "regularize.values" "approx" "FUN" "lapply" 
"[.data.frame" "[" "which" "FUN" "lapply" 
"[.data.frame" "[" "which" "FUN" "lapply" 
"unique.default" "unique" "regularize.values" "approx" "FUN" "lapply" 
"order" "regularize.values" "approx" "FUN" "lapply" 
"is.na" "regularize.values" "approx" "FUN" "lapply" 
"regularize.values" "approx" "FUN" "lapply" 
"[.data.frame" "[" "which" "FUN" "lapply" 
"match" "%in%" "[.data.frame" "[" "xy.coords" "regularize.values" "approx" "FUN" "lapply" 
"[.data.frame" "[" "xy.coords" "regularize.values" "approx" "FUN" "lapply" 
"regularize.values" "approx" "FUN" "lapply" 
"[" "xy.coords" "regularize.values" "approx" "FUN" "lapply" 
"unique.default" "unique" "regularize.values" "approx" "FUN" "lapply" 
"is.factor" "order" "regularize.values" "approx" "FUN" "lapply" 
"lapply" "unlist" "order" "regularize.values" "approx" "FUN" "lapply" 
"approx" "FUN" "lapply" 
"stopifnot" "approx" "FUN" "lapply" 
"[.data.frame" "[" "xy.coords" "regularize.values" "approx" "FUN" "lapply" 
"approx" "FUN" "lapply" 
"lapply" "unlist" "order" "regularize.values" "approx" "FUN" "lapply" 
"approx" "FUN" "lapply" 
"parent.frame" "match.call" "stopifnot" "approx" "FUN" "lapply" 
"is.factor" "order" "regularize.values" "approx" "FUN" "lapply" 
"FUN" "lapply" 
"[" "which" "FUN" "lapply" 
"unique.default" "unique" "regularize.values" "approx" "FUN" "lapply" 
"match" "%in%" "[.data.frame" "[" "which" "FUN" "lapply" 
"names" "names" "[.data.frame" "[" "xy.coords" "regularize.values" "approx" "FUN" "lapply" 
"stopifnot" "approx" "FUN" "lapply" 
"<" "which" "FUN" "lapply" 
"unique.default" "unique" "regularize.values" "approx" "FUN" "lapply" 
"[.data.frame" "[" "which" "FUN" "lapply" 
"which" "FUN" "lapply" 
"unique" "regularize.values" "approx" "FUN" "lapply" 
"sys.call" "match" "%in%" "[.data.frame" "[" "which" "FUN" "lapply" 
"regularize.values" "approx" "FUN" "lapply" 
"match.call" "stopifnot" "approx" "FUN" "lapply" 
"FUN" "lapply" 
"all" "stopifnot" "approx" "FUN" "lapply" 
"pmatch" "approx" "FUN" "lapply" 
"sys.call" "match.call" "stopifnot" "approx" "FUN" "lapply" 
"FUN" "lapply" 
">" "which" "FUN" "lapply" 
"pmatch" "approx" "FUN" "lapply" 
"names" "[.data.frame" "[" "xy.coords" "regularize.values" "approx" "FUN" "lapply" 
"%in%" "[.data.frame" "[" "which" "FUN" "lapply" 
"unique.default" "unique" "regularize.values" "approx" "FUN" "lapply" 
"match.call" "stopifnot" "approx" "FUN" "lapply" 
"unlist" "order" "regularize.values" "approx" "FUN" "lapply" 
"xy.coords" "regularize.values" "approx" "FUN" "lapply" 
"[.data.frame" "[" "xy.coords" "regularize.values" "approx" "FUN" "lapply" 
"order" "regularize.values" "approx" "FUN" "lapply" 
".subset2" "[.data.frame" "[" "which" "FUN" "lapply" 
"unique.default" "unique" "regularize.values" "approx" "FUN" "lapply" 
"names" "names" "[.data.frame" "[" "which" "FUN" "lapply" 
"approx" "FUN" "lapply" 
".subset" "[.data.frame" "[" "which" "FUN" "lapply" 
"regularize.values" "approx" "FUN" "lapply" 
"regularize.values" "approx" "FUN" "lapply" 
"FUN" "lapply" 
"approx" "FUN" "lapply" 
"FUN" "lapply" 
"regularize.values" "approx" "FUN" "lapply" 
"[.data.frame" "[" "xy.coords" "regularize.values" "approx" "FUN" "lapply" 
"[.data.frame" "[" "which" "FUN" "lapply" 
">" "which" "FUN" "lapply" 
"regularize.values" "approx" "FUN" "lapply" 
"length" "regularize.values" "approx" "FUN" "lapply" 
"names" "[.data.frame" "[" "xy.coords" "regularize.values" "approx" "FUN" "lapply" 
"unique" "regularize.values" "approx" "FUN" "lapply" 
"[.data.frame" "[" "xy.coords" "regularize.values" "approx" "FUN" "lapply" 
"regularize.values" "approx" "FUN" "lapply" 
"match.call" "stopifnot" "approx" "FUN" "lapply" 
"stopifnot" "approx" "FUN" "lapply" 
"order" "regularize.values" "approx" "FUN" "lapply" 
"sys.call" "match" "%in%" "[.data.frame" "[" "which" "FUN" "lapply" 
"[.data.frame" "[" "which" "FUN" "lapply" 
"approx" "FUN" "lapply" 
"sys.call" "match" "%in%" "[.data.frame" "[" "which" "FUN" "lapply" 
"unique.default" "unique" "regularize.values" "approx" "FUN" "lapply" 
"order" "regularize.values" "approx" "FUN" "lapply" 
"is.na" "regularize.values" "approx" "FUN" "lapply" 
"%in%" "[.data.frame" "[" "which" "FUN" "lapply" 
"any" "order" "regularize.values" "approx" "FUN" "lapply" 
"lapply" 
"[.data.frame" "[" "which" "FUN" "lapply" 
"[.data.frame" "[" "which" "FUN" "lapply" 
"&" "which" "FUN" "lapply" 
"approx" "FUN" "lapply" 
"pmatch" "approx" "FUN" "lapply" 
"pmatch" "approx" "FUN" "lapply" 
"is.factor" "order" "regularize.values" "approx" "FUN" "lapply" 
"length" "stopifnot" "approx" "FUN" "lapply" 
">=" "FUN" "lapply" 
"which" "FUN" "lapply" 
"[.data.frame" "[" "which" "FUN" "lapply" 
"sys.parent" "sys.function" "match.call" "stopifnot" "approx" "FUN" "lapply" 
"match.call" "stopifnot" "approx" "FUN" "lapply" 
"%in%" "[.data.frame" "[" "which" "FUN" "lapply" 
"regularize.values" "approx" "FUN" "lapply" 
"FUN" "lapply" 
"regularize.values" "approx" "FUN" "lapply" 
"%in%" "[.data.frame" "[" "xy.coords" "regularize.values" "approx" "FUN" "lapply" 
"which" "FUN" "lapply" 
"regularize.values" "approx" "FUN" "lapply" 
"FUN" "lapply" 
"anyNA" "stopifnot" "approx" "FUN" "lapply" 
"unique.default" "unique" "regularize.values" "approx" "FUN" "lapply" 
"names" "names" "[.data.frame" "[" "which" "FUN" "lapply" 
"[.data.frame" "[" "xy.coords" "regularize.values" "approx" "FUN" "lapply" 
"[.data.frame" "[" "xy.coords" "regularize.values" "approx" "FUN" "lapply" 
"regularize.values" "approx" "FUN" "lapply" 
"sys.call" "match" "%in%" "[.data.frame" "[" "which" "FUN" "lapply" 
"approx" "FUN" "lapply" 
"regularize.values" "approx" "FUN" "lapply" 
"unlist" "order" "regularize.values" "approx" "FUN" "lapply" 
"unlist" "order" "regularize.values" "approx" "FUN" "lapply" 
"unlist" "order" "regularize.values" "approx" "FUN" "lapply" 
"unlist" "order" "regularize.values" "approx" "FUN" "lapply" 
"unlist" "order" "regularize.values" "approx" "FUN" "lapply" 
"unlist" "order" "regularize.values" "approx" "FUN" "lapply" 
"unlist" "order" "regularize.values" "approx" "FUN" "lapply" 
"unlist" "order" "regularize.values" "approx" "FUN" "lapply" 
"unlist" "order" "regularize.values" "approx" "FUN" "lapply" 
"unlist" "order" "regularize.values" "approx" "FUN" "lapply" 
"unlist" "order" "regularize.values" "approx" "FUN" "lapply" 
"unlist" "order" "regularize.values" "approx" "FUN" "lapply" 
"unlist" "order" "regularize.values" "approx" "FUN" "lapply" 
"unlist" "order" "regularize.values" "approx" "FUN" "lapply" 
"unlist" "order" "regularize.values" "approx" "FUN" "lapply" 
"unlist" "order" "regularize.values" "approx" "FUN" "lapply" 
"unlist" "order" "regularize.values" "approx" "FUN" "lapply" 
"unlist" "order" "regularize.values" "approx" "FUN" "lapply" 
"unlist" "order" "regularize.values" "approx" "FUN" "lapply" 
"unlist" "order" "regularize.values" "approx" "FUN" "lapply" 
"unlist" "order" "regularize.values" "approx" "FUN" "lapply" 
"unlist" "order" "regularize.values" "approx" "FUN" "lapply" 
"unlist" "order" "regularize.values" "approx" "FUN" "lapply" 
"unlist" "order" "regularize.values" "approx" "FUN" "lapply" 
"unlist" "order" "regularize.values" "approx" "FUN" "lapply" 
"unlist" "order" "regularize.values" "approx" "FUN" "lapply" 
"unlist" "order" "regularize.values" "approx" "FUN" "lapply" 
"unlist" "order" "regularize.values" "approx" "FUN" "lapply" 
"unlist" "order" "regularize.values" "approx" "FUN" "lapply" 
"unlist" "order" "regularize.values" "approx" "FUN" "lapply" 
"unlist" "order" "regularize.values" "approx" "FUN" "lapply" 
"unlist" "order" "regularize.values" "approx" "FUN" "lapply" 
"unlist" "order" "regularize.values" "approx" "FUN" "lapply" 
"unlist" "order" "regularize.values" "approx" "FUN" "lapply" 
"unlist" "order" "regularize.values" "approx" "FUN" "lapply" 
"unlist" "order" "regularize.values" "approx" "FUN" "lapply" 
"unlist" "order" "regularize.values" "approx" "FUN" "lapply" 
"unlist" "order" "regularize.values" "approx" "FUN" "lapply" 
"unlist" "order" "regularize.values" "approx" "FUN" "lapply" 
"unlist" "order" "regularize.values" "approx" "FUN" "lapply" 
"unlist" "order" "regularize.values" "approx" "FUN" "lapply" 
"unlist" "order" "regularize.values" "approx" "FUN" "lapply" 
"unlist" "order" "regularize.values" "approx" "FUN" "lapply" 
"unlist" "order" "regularize.values" "approx" "FUN" "lapply" 
"unlist" "order" "regularize.values" "approx" "FUN" "lapply" 
"unlist" "order" "regularize.values" "approx" "FUN" "lapply" 
"unlist" "order" "regularize.values" "approx" "FUN" "lapply" 
"unlist" "order" "regularize.values" "approx" "FUN" "lapply" 
"unlist" "order" "regularize.values" "approx" "FUN" "lapply" 
"unlist" "order" "regularize.values" "approx" "FUN" "lapply" 
"unlist" "order" "regularize.values" "approx" "FUN" "lapply" 
"unlist" "order" "regularize.values" "approx" "FUN" "lapply" 
"unlist" "order" "regularize.values" "approx" "FUN" "lapply" 
"unlist" "order" "regularize.values" "approx" "FUN" "lapply" 
"unlist" "order" "regularize.values" "approx" "FUN" "lapply" 
"unlist" "order" "regularize.values" "approx" "FUN" "lapply" 
"unlist" "order" "regularize.values" "approx" "FUN" "lapply" 
"unlist" "order" "regularize.values" "approx" "FUN" "lapply" 
"order" "regularize.values" "approx" "FUN" "lapply" 
"which" "FUN" "lapply" 
"unique.default" "unique" "regularize.values" "approx" "FUN" "lapply" 
"which" "FUN" "lapply" 
"regularize.values" "approx" "FUN" "lapply" 
"sys.parent" "sys.function" "match.call" "stopifnot" "approx" "FUN" "lapply" 
"lapply" 
"[.data.frame" "[" "xy.coords" "regularize.values" "approx" "FUN" "lapply" 
"approx" "FUN" "lapply" 
"unique.default" "unique" "regularize.values" "approx" "FUN" "lapply" 
"all" "stopifnot" "approx" "FUN" "lapply" 
"[.data.frame" "[" "xy.coords" "regularize.values" "approx" "FUN" "lapply" 
"unique.default" "unique" "regularize.values" "approx" "FUN" "lapply" 
"regularize.values" "approx" "FUN" "lapply" 
"xy.coords" "regularize.values" "approx" "FUN" "lapply" 
"pmatch" "approx" "FUN" "lapply" 
"regularize.values" "approx" "FUN" "lapply" 
"[" "xy.coords" "regularize.values" "approx" "FUN" "lapply" 
"as.double" "xy.coords" "regularize.values" "approx" "FUN" "lapply" 
"list" "regularize.values" "approx" "FUN" "lapply" 
"stopifnot" "approx" "FUN" "lapply" 
"order" "regularize.values" "approx" "FUN" "lapply" 
"[.data.frame" "[" "which" "FUN" "lapply" 
">" "which" "FUN" "lapply" 
"unique.default" "unique" "regularize.values" "approx" "FUN" "lapply" 
"xy.coords" "regularize.values" "approx" "FUN" "lapply" 
"unique" "regularize.values" "approx" "FUN" "lapply" 
"stopifnot" "approx" "FUN" "lapply" 
"&" "which" "FUN" "lapply" 
"[.data.frame" "[" "which" "FUN" "lapply" 
"regularize.values" "approx" "FUN" "lapply" 
"lapply" "unlist" "order" "regularize.values" "approx" "FUN" "lapply" 
"match.call" "stopifnot" "approx" "FUN" "lapply" 
"match.call" "stopifnot" "approx" "FUN" "lapply" 
"approx" "FUN" "lapply" 
"regularize.values" "approx" "FUN" "lapply" 
"match" "%in%" "[.data.frame" "[" "which" "FUN" "lapply" 
"lapply" "unlist" "order" "regularize.values" "approx" "FUN" "lapply" 
"stopifnot" "approx" "FUN" "lapply" 
"&" "which" "FUN" "lapply" 
"FUN" "lapply" 
"approx" "FUN" "lapply" 
"regularize.values" "approx" "FUN" "lapply" 
"approx" "FUN" "lapply" 
"match" "%in%" "[.data.frame" "[" "which" "FUN" "lapply" 
"FUN" "lapply" 
"approx" "FUN" "lapply" 
"[.data.frame" "[" "xy.coords" "regularize.values" "approx" "FUN" "lapply" 
"regularize.values" "approx" "FUN" "lapply" 
"all" "stopifnot" "approx" "FUN" "lapply" 
"[.data.frame" "[" "xy.coords" "regularize.values" "approx" "FUN" "lapply" 
"sys.function" "match.call" "stopifnot" "approx" "FUN" "lapply" 
"%in%" "[.data.frame" "[" "which" "FUN" "lapply" 
"approx" "FUN" "lapply" 
"regularize.values" "approx" "FUN" "lapply" 
"<" "which" "FUN" "lapply" 
"regularize.values" "approx" "FUN" "lapply" 
"[.data.frame" "[" "which" "FUN" "lapply" 
"regularize.values" "approx" "FUN" "lapply" 
"parent.frame" "match.call" "stopifnot" "approx" "FUN" "lapply" 
"<" "which" "FUN" "lapply" 
"approx" "FUN" "lapply" 
"match.call" "stopifnot" "approx" "FUN" "lapply" 
"approx" "FUN" "lapply" 
"order" "regularize.values" "approx" "FUN" "lapply" 
"names" "[.data.frame" "[" "which" "FUN" "lapply" 
"&" "which" "FUN" "lapply" 
"which" "FUN" "lapply" 
"regularize.values" "approx" "FUN" "lapply" 
"is.factor" "order" "regularize.values" "approx" "FUN" "lapply" 
"sys.call" "match" "%in%" "[.data.frame" "[" "xy.coords" "regularize.values" "approx" "FUN" "lapply" 
"unique" "regularize.values" "approx" "FUN" "lapply" 
"match.call" "stopifnot" "approx" "FUN" "lapply" 
"regularize.values" "approx" "FUN" "lapply" 
"regularize.values" "approx" "FUN" "lapply" 
"order" "regularize.values" "approx" "FUN" "lapply" 
"match" "%in%" "[.data.frame" "[" "which" "FUN" "lapply" 
"is.factor" "unique.default" "unique" "regularize.values" "approx" "FUN" "lapply" 
"unique.default" "unique" "regularize.values" "approx" "FUN" "lapply" 
"approx" "FUN" "lapply" 
"regularize.values" "approx" "FUN" "lapply" 
"is.na" "regularize.values" "approx" "FUN" "lapply" 
"regularize.values" "approx" "FUN" "lapply" 
"[" "which" "FUN" "lapply" 
"sys.call" "match.call" "stopifnot" "approx" "FUN" "lapply" 
"[.data.frame" "[" "which" "FUN" "lapply" 
"stopifnot" "approx" "FUN" "lapply" 
"unique.default" "unique" "regularize.values" "approx" "FUN" "lapply" 
"unique.default" "unique" "regularize.values" "approx" "FUN" "lapply" 
"names" "names" "[.data.frame" "[" "which" "FUN" "lapply" 
"all" "stopifnot" "approx" "FUN" "lapply" 
"regularize.values" "approx" "FUN" "lapply" 
"%in%" "[.data.frame" "[" "xy.coords" "regularize.values" "approx" "FUN" "lapply" 
"regularize.values" "approx" "FUN" "lapply" 
"unlist" "order" "regularize.values" "approx" "FUN" "lapply" 
"stopifnot" "approx" "FUN" "lapply" 
"match.call" "stopifnot" "approx" "FUN" "lapply" 
"sys.call" "match.call" "stopifnot" "approx" "FUN" "lapply" 
"[.data.frame" "[" "xy.coords" "regularize.values" "approx" "FUN" "lapply" 
"%in%" "[.data.frame" "[" "xy.coords" "regularize.values" "approx" "FUN" "lapply" 
"[.data.frame" "[" "xy.coords" "regularize.values" "approx" "FUN" "lapply" 
"[.data.frame" "[" "xy.coords" "regularize.values" "approx" "FUN" "lapply" 
"all" "stopifnot" "approx" "FUN" "lapply" 
"pmatch" "approx" "FUN" "lapply" 
"order" "regularize.values" "approx" "FUN" "lapply" 
"order" "regularize.values" "approx" "FUN" "lapply" 
"order" "regularize.values" "approx" "FUN" "lapply" 
"order" "regularize.values" "approx" "FUN" "lapply" 
"[.data.frame" "[" "xy.coords" "regularize.values" "approx" "FUN" "lapply" 
"order" "regularize.values" "approx" "FUN" "lapply" 
"sys.function" "match.call" "stopifnot" "approx" "FUN" "lapply" 
"unlist" "order" "regularize.values" "approx" "FUN" "lapply" 
"order" "regularize.values" "approx" "FUN" "lapply" 
"order" "regularize.values" "approx" "FUN" "lapply" 
"xy.coords" "regularize.values" "approx" "FUN" "lapply" 
"all" "stopifnot" "approx" "FUN" "lapply" 
"xy.coords" "regularize.values" "approx" "FUN" "lapply" 
"regularize.values" "approx" "FUN" "lapply" 
"lapply" "unlist" "order" "regularize.values" "approx" "FUN" "lapply" 
"%in%" "[.data.frame" "[" "xy.coords" "regularize.values" "approx" "FUN" "lapply" 
"unique" "regularize.values" "approx" "FUN" "lapply" 
"sys.parent" "sys.function" "match.call" "stopifnot" "approx" "FUN" "lapply" 
"unique.default" "unique" "regularize.values" "approx" "FUN" "lapply" 
"lapply" "unlist" "order" "regularize.values" "approx" "FUN" "lapply" 
"regularize.values" "approx" "FUN" "lapply" 
"names" "names" "[.data.frame" "[" "which" "FUN" "lapply" 
"nargs" "[.data.frame" "[" "xy.coords" "regularize.values" "approx" "FUN" "lapply" 
"approx" "FUN" "lapply" 
"stopifnot" "approx" "FUN" "lapply" 
"sys.call" "match" "%in%" "[.data.frame" "[" "which" "FUN" "lapply" 
"<" "which" "FUN" "lapply" 
"unique.default" "unique" "regularize.values" "approx" "FUN" "lapply" 
"[.data.frame" "[" "xy.coords" "regularize.values" "approx" "FUN" "lapply" 
"match.call" "stopifnot" "approx" "FUN" "lapply" 
">" "which" "FUN" "lapply" 
"match.call" "stopifnot" "approx" "FUN" "lapply" 
"which" "FUN" "lapply" 
"regularize.values" "approx" "FUN" "lapply" 
"&" "which" "FUN" "lapply" 
"unique.default" "unique" "regularize.values" "approx" "FUN" "lapply" 
"approx" "FUN" "lapply" 
"unlist" "order" "regularize.values" "approx" "FUN" "lapply" 
"[.data.frame" "[" "which" "FUN" "lapply" 
"names" "[.data.frame" "[" "which" "FUN" "lapply" 
"length" "FUN" "lapply" 
"regularize.values" "approx" "FUN" "lapply" 
"[.data.frame" "[" "xy.coords" "regularize.values" "approx" "FUN" "lapply" 
"all" "[.data.frame" "[" "which" "FUN" "lapply" 
"approx" "FUN" "lapply" 
"match.call" "stopifnot" "approx" "FUN" "lapply" 
"order" "regularize.values" "approx" "FUN" "lapply" 
"lapply" 
"[.data.frame" "[" "which" "FUN" "lapply" 
"[" "which" "FUN" "lapply" 
"approx" "FUN" "lapply" 
"[.data.frame" "[" "which" "FUN" "lapply" 
"which" "FUN" "lapply" 
"match.call" "stopifnot" "approx" "FUN" "lapply" 
"sys.call" "match" "%in%" "[.data.frame" "[" "xy.coords" "regularize.values" "approx" "FUN" "lapply" 
"match" "%in%" "[.data.frame" "[" "which" "FUN" "lapply" 
"regularize.values" "approx" "FUN" "lapply" 
"approx" "FUN" "lapply" 
"[" "which" "FUN" "lapply" 
"[.data.frame" "[" "which" "FUN" "lapply" 
"[.data.frame" "[" "which" "FUN" "lapply" 
"match.call" "stopifnot" "approx" "FUN" "lapply" 
"regularize.values" "approx" "FUN" "lapply" 
"%in%" "[.data.frame" "[" "which" "FUN" "lapply" 
"[.data.frame" "[" "which" "FUN" "lapply" 
"list" "xy.coords" "regularize.values" "approx" "FUN" "lapply" 
"[" "xy.coords" "regularize.values" "approx" "FUN" "lapply" 
"FUN" "lapply" 
".subset" "[.data.frame" "[" "xy.coords" "regularize.values" "approx" "FUN" "lapply" 
"%in%" "[.data.frame" "[" "which" "FUN" "lapply" 
"order" "regularize.values" "approx" "FUN" "lapply" 
"[.data.frame" "[" "which" "FUN" "lapply" 
"length" "[.data.frame" "[" "which" "FUN" "lapply" 
"FUN" "lapply" 
"unique.default" "unique" "regularize.values" "approx" "FUN" "lapply" 
"match.fun" "lapply" "unlist" "order" "regularize.values" "approx" "FUN" "lapply" 
"[" "xy.coords" "regularize.values" "approx" "FUN" "lapply" 
"approx" "FUN" "lapply" 
"names" "[.data.frame" "[" "xy.coords" "regularize.values" "approx" "FUN" "lapply" 
"order" "regularize.values" "approx" "FUN" "lapply" 
"which" "FUN" "lapply" 
"xy.coords" "regularize.values" "approx" "FUN" "lapply" 
"names" "[.data.frame" "[" "which" "FUN" "lapply" 
"[.data.frame" "[" "xy.coords" "regularize.values" "approx" "FUN" "lapply" 
"order" "regularize.values" "approx" "FUN" "lapply" 
"approx" "FUN" "lapply" 
"unique.default" "unique" "regularize.values" "approx" "FUN" "lapply" 
"[.data.frame" "[" "xy.coords" "regularize.values" "approx" "FUN" "lapply" 
"[.data.frame" "[" "xy.coords" "regularize.values" "approx" "FUN" "lapply" 
"list" "regularize.values" "approx" "FUN" "lapply" 
"regularize.values" "approx" "FUN" "lapply" 
"approx" "FUN" "lapply" 
"[.data.frame" "[" "xy.coords" "regularize.values" "approx" "FUN" "lapply" 
"list" "xy.coords" "regularize.values" "approx" "FUN" "lapply" 
"xy.coords" "regularize.values" "approx" "FUN" "lapply" 
"regularize.values" "approx" "FUN" "lapply" 
"[.data.frame" "[" "which" "FUN" "lapply" 
"xy.coords" "regularize.values" "approx" "FUN" "lapply" 
"[.data.frame" "[" "which" "FUN" "lapply" 
"approx" "FUN" "lapply" 
"names" "names" "[.data.frame" "[" "which" "FUN" "lapply" 
"regularize.values" "approx" "FUN" "lapply" 
"is.na" "regularize.values" "approx" "FUN" "lapply" 
"lapply" "unlist" "order" "regularize.values" "approx" "FUN" "lapply" 
"unlist" "order" "regularize.values" "approx" "FUN" "lapply" 
"stopifnot" "approx" "FUN" "lapply" 
"is.factor" "order" "regularize.values" "approx" "FUN" "lapply" 
"[.data.frame" "[" "xy.coords" "regularize.values" "approx" "FUN" "lapply" 
"regularize.values" "approx" "FUN" "lapply" 
"[" "xy.coords" "regularize.values" "approx" "FUN" "lapply" 
"approx" "FUN" "lapply" 
"<" "which" "FUN" "lapply" 
"regularize.values" "approx" "FUN" "lapply" 
"order" "regularize.values" "approx" "FUN" "lapply" 
"approx" "FUN" "lapply" 
"order" "regularize.values" "approx" "FUN" "lapply" 
"approx" "FUN" "lapply" 
"xy.coords" "regularize.values" "approx" "FUN" "lapply" 
"stopifnot" "approx" "FUN" "lapply" 
"regularize.values" "approx" "FUN" "lapply" 
"regularize.values" "approx" "FUN" "lapply" 
"all" "stopifnot" "approx" "FUN" "lapply" 
"[.data.frame" "[" "which" "FUN" "lapply" 
"match.call" "stopifnot" "approx" "FUN" "lapply" 
"unique.default" "unique" "regularize.values" "approx" "FUN" "lapply" 
"FUN" "lapply" 
"stopifnot" "approx" "FUN" "lapply" 
"names" "[.data.frame" "[" "which" "FUN" "lapply" 
"order" "regularize.values" "approx" "FUN" "lapply" 
"stopifnot" "approx" "FUN" "lapply" 
"&" "which" "FUN" "lapply" 
"all" "[.data.frame" "[" "xy.coords" "regularize.values" "approx" "FUN" "lapply" 
"xy.coords" "regularize.values" "approx" "FUN" "lapply" 
"[.data.frame" "[" "which" "FUN" "lapply" 
"sys.parent" "sys.call" "match.call" "stopifnot" "approx" "FUN" "lapply" 
"[.data.frame" "[" "xy.coords" "regularize.values" "approx" "FUN" "lapply" 
"stopifnot" "approx" "FUN" "lapply" 
"unique" "regularize.values" "approx" "FUN" "lapply" 
"[.data.frame" "[" "xy.coords" "regularize.values" "approx" "FUN" "lapply" 
"list" "regularize.values" "approx" "FUN" "lapply" 
"match" "%in%" "[.data.frame" "[" "which" "FUN" "lapply" 
"is.na" "approx" "FUN" "lapply" 
"which" "FUN" "lapply" 
"sys.call" "match" "%in%" "[.data.frame" "[" "xy.coords" "regularize.values" "approx" "FUN" "lapply" 
"unique.default" "unique" "regularize.values" "approx" "FUN" "lapply" 
"stopifnot" "approx" "FUN" "lapply" 
"regularize.values" "approx" "FUN" "lapply" 
"FUN" "lapply" 
"regularize.values" "approx" "FUN" "lapply" 
"[.data.frame" "[" "xy.coords" "regularize.values" "approx" "FUN" "lapply" 
"length" "xy.coords" "regularize.values" "approx" "FUN" "lapply" 
"unique" "regularize.values" "approx" "FUN" "lapply" 
"match" "%in%" "[.data.frame" "[" "which" "FUN" "lapply" 
"match.call" "stopifnot" "approx" "FUN" "lapply" 
"is.na" "regularize.values" "approx" "FUN" "lapply" 
"xy.coords" "regularize.values" "approx" "FUN" "lapply" 
"length" "stopifnot" "approx" "FUN" "lapply" 
"xy.coords" "regularize.values" "approx" "FUN" "lapply" 
"approx" "FUN" "lapply" 
"xy.coords" "regularize.values" "approx" "FUN" "lapply" 
"pmatch" "approx" "FUN" "lapply" 
"regularize.values" "approx" "FUN" "lapply" 
"unique" "regularize.values" "approx" "FUN" "lapply" 
"nargs" "[.data.frame" "[" "which" "FUN" "lapply" 
"approx" "FUN" "lapply" 
"[.data.frame" "[" "xy.coords" "regularize.values" "approx" "FUN" "lapply" 
"is.factor" "order" "regularize.values" "approx" "FUN" "lapply" 
"approx" "FUN" "lapply" 
"xy.coords" "regularize.values" "approx" "FUN" "lapply" 
"[.data.frame" "[" "which" "FUN" "lapply" 
"lapply" "unlist" "order" "regularize.values" "approx" "FUN" "lapply" 
"[.data.frame" "[" "xy.coords" "regularize.values" "approx" "FUN" "lapply" 
"[" "which" "FUN" "lapply" 
"<" "which" "FUN" "lapply" 
"[.data.frame" "[" "which" "FUN" "lapply" 
"sys.call" "match.call" "stopifnot" "approx" "FUN" "lapply" 
"regularize.values" "approx" "FUN" "lapply" 
"&" "which" "FUN" "lapply" 
"unlist" "order" "regularize.values" "approx" "FUN" "lapply" 
"all" "[.data.frame" "[" "which" "FUN" "lapply" 
"xy.coords" "regularize.values" "approx" "FUN" "lapply" 
"stopifnot" "approx" "FUN" "lapply" 
"match" "%in%" "[.data.frame" "[" "which" "FUN" "lapply" 
"match" "%in%" "[.data.frame" "[" "which" "FUN" "lapply" 
"regularize.values" "approx" "FUN" "lapply" 
"order" "regularize.values" "approx" "FUN" "lapply" 
"[.data.frame" "[" "xy.coords" "regularize.values" "approx" "FUN" "lapply" 
"is.na" "regularize.values" "approx" "FUN" "lapply" 
"[.data.frame" "[" "xy.coords" "regularize.values" "approx" "FUN" "lapply" 
"unique.default" "unique" "regularize.values" "approx" "FUN" "lapply" 
"[" "which" "FUN" "lapply" 
"regularize.values" "approx" "FUN" "lapply" 
"unique" "regularize.values" "approx" "FUN" "lapply" 
"[.data.frame" "[" "which" "FUN" "lapply" 
"%in%" "[.data.frame" "[" "xy.coords" "regularize.values" "approx" "FUN" "lapply" 
"stopifnot" "approx" "FUN" "lapply" 
"is.factor" "order" "regularize.values" "approx" "FUN" "lapply" 
"[.data.frame" "[" "xy.coords" "regularize.values" "approx" "FUN" "lapply" 
"[.data.frame" "[" "which" "FUN" "lapply" 
"xy.coords" "regularize.values" "approx" "FUN" "lapply" 
"[" "xy.coords" "regularize.values" "approx" "FUN" "lapply" 
"lapply" 
"sys.call" "match" "%in%" "[.data.frame" "[" "xy.coords" "regularize.values" "approx" "FUN" "lapply" 
"which" "FUN" "lapply" 
"regularize.values" "approx" "FUN" "lapply" 
"[.data.frame" "[" "xy.coords" "regularize.values" "approx" "FUN" "lapply" 
"[.data.frame" "[" "which" "FUN" "lapply" 
"[.data.frame" "[" "which" "FUN" "lapply" 
"approx" "FUN" "lapply" 
"regularize.values" "approx" "FUN" "lapply" 
"names" "names" "[.data.frame" "[" "xy.coords" "regularize.values" "approx" "FUN" "lapply" 
"[.data.frame" "[" "which" "FUN" "lapply" 
"unique.default" "unique" "regularize.values" "approx" "FUN" "lapply" 
"order" "regularize.values" "approx" "FUN" "lapply" 
"approx" "FUN" "lapply" 
"order" "regularize.values" "approx" "FUN" "lapply" 
"which" "FUN" "lapply" 
"stopifnot" "approx" "FUN" "lapply" 
"%in%" "[.data.frame" "[" "which" "FUN" "lapply" 
"is.na" "regularize.values" "approx" "FUN" "lapply" 
"match" "%in%" "[.data.frame" "[" "which" "FUN" "lapply" 
"regularize.values" "approx" "FUN" "lapply" 
"regularize.values" "approx" "FUN" "lapply" 
"stopifnot" "approx" "FUN" "lapply" 
"sys.call" "match" "%in%" "[.data.frame" "[" "xy.coords" "regularize.values" "approx" "FUN" "lapply" 
"[.data.frame" "[" "which" "FUN" "lapply" 
"order" "regularize.values" "approx" "FUN" "lapply" 
"match.call" "stopifnot" "approx" "FUN" "lapply" 
"approx" "FUN" "lapply" 
">" "which" "FUN" "lapply" 
"lapply" "unlist" "order" "regularize.values" "approx" "FUN" "lapply" 
"parent.frame" "match.call" "stopifnot" "approx" "FUN" "lapply" 
"match.call" "stopifnot" "approx" "FUN" "lapply" 
"match.call" "stopifnot" "approx" "FUN" "lapply" 
"regularize.values" "approx" "FUN" "lapply" 
"[.data.frame" "[" "xy.coords" "regularize.values" "approx" "FUN" "lapply" 
"approx" "FUN" "lapply" 
"sys.call" "match.call" "stopifnot" "approx" "FUN" "lapply" 
"&" "which" "FUN" "lapply" 
"[.data.frame" "[" "which" "FUN" "lapply" 
"[.data.frame" "[" "which" "FUN" "lapply" 
"regularize.values" "approx" "FUN" "lapply" 
"FUN" "lapply" 
"approx" "FUN" "lapply" 
"&" "which" "FUN" "lapply" 
"unique.default" "unique" "regularize.values" "approx" "FUN" "lapply" 
"match.call" "stopifnot" "approx" "FUN" "lapply" 
"[.data.frame" "[" "xy.coords" "regularize.values" "approx" "FUN" "lapply" 
"lapply" "unlist" "order" "regularize.values" "approx" "FUN" "lapply" 
"anyNA" "[.data.frame" "[" "which" "FUN" "lapply" 
"approx" "FUN" "lapply" 
"regularize.values" "approx" "FUN" "lapply" 
"stopifnot" "approx" "FUN" "lapply" 
"<" "which" "FUN" "lapply" 
"match" "%in%" "[.data.frame" "[" "which" "FUN" "lapply" 
"approx" "FUN" "lapply" 
"names" "names" "[.data.frame" "[" "which" "FUN" "lapply" 
"[.data.frame" "[" "xy.coords" "regularize.values" "approx" "FUN" "lapply" 
"[.data.frame" "[" "which" "FUN" "lapply" 
"unique.default" "unique" "regularize.values" "approx" "FUN" "lapply" 
"[.data.frame" "[" "xy.coords" "regularize.values" "approx" "FUN" "lapply" 
"FUN" "lapply" "unlist" "order" "regularize.values" "approx" "FUN" "lapply" 
"unique.default" "unique" "regularize.values" "approx" "FUN" "lapply" 
"match" "%in%" "[.data.frame" "[" "which" "FUN" "lapply" 
"unique.default" "unique" "regularize.values" "approx" "FUN" "lapply" 
".subset2" "[.data.frame" "[" "which" "FUN" "lapply" 
"order" "regularize.values" "approx" "FUN" "lapply" 
"pmatch" "approx" "FUN" "lapply" 
"order" "regularize.values" "approx" "FUN" "lapply" 
"[.data.frame" "[" "xy.coords" "regularize.values" "approx" "FUN" "lapply" 
"xy.coords" "regularize.values" "approx" "FUN" "lapply" 
"xy.coords" "regularize.values" "approx" "FUN" "lapply" 
".subset" "[.data.frame" "[" "which" "FUN" "lapply" 
"regularize.values" "approx" "FUN" "lapply" 
"[" "which" "FUN" "lapply" 
"as.character" "pmatch" "approx" "FUN" "lapply" 
"match" "%in%" "[.data.frame" "[" "which" "FUN" "lapply" 
"[.data.frame" "[" "xy.coords" "regularize.values" "approx" "FUN" "lapply" 
"[.data.frame" "[" "which" "FUN" "lapply" 
"order" "regularize.values" "approx" "FUN" "lapply" 
"approx" "FUN" "lapply" 
"stopifnot" "approx" "FUN" "lapply" 
"match" "%in%" "[.data.frame" "[" "which" "FUN" "lapply" 
"match" "%in%" "[.data.frame" "[" "which" "FUN" "lapply" 
"match.call" "stopifnot" "approx" "FUN" "lapply" 
"names" "names" "[.data.frame" "[" "which" "FUN" "lapply" 
"order" "regularize.values" "approx" "FUN" "lapply" 
"xy.coords" "regularize.values" "approx" "FUN" "lapply" 
"unique.default" "unique" "regularize.values" "approx" "FUN" "lapply" 
"order" "regularize.values" "approx" "FUN" "lapply" 
"stopifnot" "approx" "FUN" "lapply" 
"[.data.frame" "[" "which" "FUN" "lapply" 
"regularize.values" "approx" "FUN" "lapply" 
"is.factor" "unique.default" "unique" "regularize.values" "approx" "FUN" "lapply" 
"regularize.values" "approx" "FUN" "lapply" 
"FUN" "lapply" 
"[.data.frame" "[" "xy.coords" "regularize.values" "approx" "FUN" "lapply" 
"stopifnot" "approx" "FUN" "lapply" 
"[.data.frame" "[" "xy.coords" "regularize.values" "approx" "FUN" "lapply" 
"unique.default" "unique" "regularize.values" "approx" "FUN" "lapply" 
"[.data.frame" "[" "xy.coords" "regularize.values" "approx" "FUN" "lapply" 
"[" "which" "FUN" "lapply" 
"unique.default" "unique" "regularize.values" "approx" "FUN" "lapply" 
"which" "FUN" "lapply" 
"approx" "FUN" "lapply" 
"pmatch" "approx" "FUN" "lapply" 
"which" "FUN" "lapply" 
"order" "regularize.values" "approx" "FUN" "lapply" 
"regularize.values" "approx" "FUN" "lapply" 
"sys.call" "match.call" "stopifnot" "approx" "FUN" "lapply" 
"sys.call" "match.call" "stopifnot" "approx" "FUN" "lapply" 
"names" "[.data.frame" "[" "which" "FUN" "lapply" 
"regularize.values" "approx" "FUN" "lapply" 
"lapply" "unlist" "order" "regularize.values" "approx" "FUN" "lapply" 
"regularize.values" "approx" "FUN" "lapply" 
"names" "[.data.frame" "[" "which" "FUN" "lapply" 
"regularize.values" "approx" "FUN" "lapply" 
"regularize.values" "approx" "FUN" "lapply" 
"regularize.values" "approx" "FUN" "lapply" 
"[" "xy.coords" "regularize.values" "approx" "FUN" "lapply" 
"[.data.frame" "[" "xy.coords" "regularize.values" "approx" "FUN" "lapply" 
"is.factor" "unique.default" "unique" "regularize.values" "approx" "FUN" "lapply" 
"is.na" "regularize.values" "approx" "FUN" "lapply" 
"all" "stopifnot" "approx" "FUN" "lapply" 
"regularize.values" "approx" "FUN" "lapply" 
"order" "regularize.values" "approx" "FUN" "lapply" 
"match.fun" "lapply" "unlist" "order" "regularize.values" "approx" "FUN" "lapply" 
"lapply" "unlist" "order" "regularize.values" "approx" "FUN" "lapply" 
"[.data.frame" "[" "xy.coords" "regularize.values" "approx" "FUN" "lapply" 
"approx" "FUN" "lapply" 
"xy.coords" "regularize.values" "approx" "FUN" "lapply" 
"is.factor" "unique.default" "unique" "regularize.values" "approx" "FUN" "lapply" 
"is.factor" "unique.default" "unique" "regularize.values" "approx" "FUN" "lapply" 
"unique.default" "unique" "regularize.values" "approx" "FUN" "lapply" 
"sys.parent" "sys.function" "match.call" "stopifnot" "approx" "FUN" "lapply" 
"regularize.values" "approx" "FUN" "lapply" 
"which" "FUN" "lapply" 
"names" "[.data.frame" "[" "xy.coords" "regularize.values" "approx" "FUN" "lapply" 
"anyNA" "stopifnot" "approx" "FUN" "lapply" 
"names" "names" "[.data.frame" "[" "xy.coords" "regularize.values" "approx" "FUN" "lapply" 
"names" "names" "[.data.frame" "[" "which" "FUN" "lapply" 
".subset" "[.data.frame" "[" "xy.coords" "regularize.values" "approx" "FUN" "lapply" 
"approx" "FUN" "lapply" 
"regularize.values" "approx" "FUN" "lapply" 
"approx" "FUN" "lapply" 
"FUN" "lapply" 
"xy.coords" "regularize.values" "approx" "FUN" "lapply" 
"[.data.frame" "[" "which" "FUN" "lapply" 
"which" "FUN" "lapply" 
"all" "stopifnot" "approx" "FUN" "lapply" 
"approx" "FUN" "lapply" 
"[.data.frame" "[" "xy.coords" "regularize.values" "approx" "FUN" "lapply" 
"sys.call" "match" "%in%" "[.data.frame" "[" "xy.coords" "regularize.values" "approx" "FUN" "lapply" 
"FUN" "lapply" 
"unlist" "order" "regularize.values" "approx" "FUN" "lapply" 
"match" "%in%" "[.data.frame" "[" "which" "FUN" "lapply" 
"stopifnot" "approx" "FUN" "lapply" 
"match" "%in%" "[.data.frame" "[" "xy.coords" "regularize.values" "approx" "FUN" "lapply" 
"unlist" "order" "regularize.values" "approx" "FUN" "lapply" 
"regularize.values" "approx" "FUN" "lapply" 
"regularize.values" "approx" "FUN" "lapply" 
"%in%" "[.data.frame" "[" "which" "FUN" "lapply" 
"match.call" "stopifnot" "approx" "FUN" "lapply" 
"approx" "FUN" "lapply" 
"as.character" "pmatch" "approx" "FUN" "lapply" 
"regularize.values" "approx" "FUN" "lapply" 
"[.data.frame" "[" "xy.coords" "regularize.values" "approx" "FUN" "lapply" 
"order" "regularize.values" "approx" "FUN" "lapply" 
"names" "names" "[.data.frame" "[" "which" "FUN" "lapply" 
"[" "which" "FUN" "lapply" 
"regularize.values" "approx" "FUN" "lapply" 
"all" "stopifnot" "approx" "FUN" "lapply" 
"sys.call" "match.call" "stopifnot" "approx" "FUN" "lapply" 
"match.fun" "lapply" "unlist" "order" "regularize.values" "approx" "FUN" "lapply" 
"regularize.values" "approx" "FUN" "lapply" 
"anyNA" "[.data.frame" "[" "which" "FUN" "lapply" 
"[" "xy.coords" "regularize.values" "approx" "FUN" "lapply" 
"approx" "FUN" "lapply" 
"names" "names" "[.data.frame" "[" "which" "FUN" "lapply" 
"[.data.frame" "[" "xy.coords" "regularize.values" "approx" "FUN" "lapply" 
"unique" "regularize.values" "approx" "FUN" "lapply" 
"match" "%in%" "[.data.frame" "[" "xy.coords" "regularize.values" "approx" "FUN" "lapply" 
"regularize.values" "approx" "FUN" "lapply" 
"lapply" "unlist" "order" "regularize.values" "approx" "FUN" "lapply" 
"FUN" "lapply" 
"regularize.values" "approx" "FUN" "lapply" 
"order" "regularize.values" "approx" "FUN" "lapply" 
"regularize.values" "approx" "FUN" "lapply" 
"order" "regularize.values" "approx" "FUN" "lapply" 
"[.data.frame" "[" "xy.coords" "regularize.values" "approx" "FUN" "lapply" 
"is.na" "regularize.values" "approx" "FUN" "lapply" 
"is.factor" "order" "regularize.values" "approx" "FUN" "lapply" 
"which" "FUN" "lapply" 
"unique.default" "unique" "regularize.values" "approx" "FUN" "lapply" 
"order" "regularize.values" "approx" "FUN" "lapply" 
">" "which" "FUN" "lapply" 
"sys.function" "match.call" "stopifnot" "approx" "FUN" "lapply" 
"sys.call" "match" "%in%" "[.data.frame" "[" "xy.coords" "regularize.values" "approx" "FUN" "lapply" 
"[" "which" "FUN" "lapply" 
"FUN" "lapply" 
"which" "FUN" "lapply" 
"pmatch" "approx" "FUN" "lapply" 
"is.na" "regularize.values" "approx" "FUN" "lapply" 
">" "which" "FUN" "lapply" 
"names" "names" "[.data.frame" "[" "which" "FUN" "lapply" 
"approx" "FUN" "lapply" 
"length" "regularize.values" "approx" "FUN" "lapply" 
"xy.coords" "regularize.values" "approx" "FUN" "lapply" 
"which" "FUN" "lapply" 
"lapply" "unlist" "order" "regularize.values" "approx" "FUN" "lapply" 
"match" "%in%" "[.data.frame" "[" "which" "FUN" "lapply" 
"approx" "FUN" "lapply" 
"list" "xy.coords" "regularize.values" "approx" "FUN" "lapply" 
"&" "which" "FUN" "lapply" 
"[" "which" "FUN" "lapply" 
"stopifnot" "approx" "FUN" "lapply" 
"xy.coords" "regularize.values" "approx" "FUN" "lapply" 
"xy.coords" "regularize.values" "approx" "FUN" "lapply" 
"lapply" 
"[" "xy.coords" "regularize.values" "approx" "FUN" "lapply" 
"regularize.values" "approx" "FUN" "lapply" 
"order" "regularize.values" "approx" "FUN" "lapply" 
"match" "%in%" "[.data.frame" "[" "xy.coords" "regularize.values" "approx" "FUN" "lapply" 
"stopifnot" "approx" "FUN" "lapply" 
"FUN" "lapply" 
"match" "%in%" "[.data.frame" "[" "xy.coords" "regularize.values" "approx" "FUN" "lapply" 
"regularize.values" "approx" "FUN" "lapply" 
"[" "which" "FUN" "lapply" 
"approx" "FUN" "lapply" 
"%in%" "[.data.frame" "[" "xy.coords" "regularize.values" "approx" "FUN" "lapply" 
"order" "regularize.values" "approx" "FUN" "lapply" 
"FUN" "lapply" 
"FUN" "lapply" 
"unique" "regularize.values" "approx" "FUN" "lapply" 
"<" "which" "FUN" "lapply" 
"is.na" "regularize.values" "approx" "FUN" "lapply" 
"regularize.values" "approx" "FUN" "lapply" 
"match" "%in%" "[.data.frame" "[" "which" "FUN" "lapply" 
"sys.call" "match.call" "stopifnot" "approx" "FUN" "lapply" 
"sys.call" "match.call" "stopifnot" "approx" "FUN" "lapply" 
"which" "FUN" "lapply" 
"[.data.frame" "[" "xy.coords" "regularize.values" "approx" "FUN" "lapply" 
"stopifnot" "approx" "FUN" "lapply" 
"match.call" "stopifnot" "approx" "FUN" "lapply" 
"FUN" "lapply" 
"regularize.values" "approx" "FUN" "lapply" 
"match.call" "stopifnot" "approx" "FUN" "lapply" 
"[.data.frame" "[" "which" "FUN" "lapply" 
"approx" "FUN" "lapply" 
"anyNA" "stopifnot" "approx" "FUN" "lapply" 
"lapply" "unlist" "order" "regularize.values" "approx" "FUN" "lapply" 
"approx" "FUN" "lapply" 
"[.data.frame" "[" "which" "FUN" "lapply" 
"xy.coords" "regularize.values" "approx" "FUN" "lapply" 
"all" "[.data.frame" "[" "which" "FUN" "lapply" 
"sys.call" "match" "%in%" "[.data.frame" "[" "which" "FUN" "lapply" 
"lapply" "unlist" "order" "regularize.values" "approx" "FUN" "lapply" 
"&" "which" "FUN" "lapply" 
"is.na" "regularize.values" "approx" "FUN" "lapply" 
"pmatch" "approx" "FUN" "lapply" 
"regularize.values" "approx" "FUN" "lapply" 
"regularize.values" "approx" "FUN" "lapply" 
"&" "which" "FUN" "lapply" 
"match" "%in%" "[.data.frame" "[" "xy.coords" "regularize.values" "approx" "FUN" "lapply" 
"as.double" "approx" "FUN" "lapply" 
"is.factor" "order" "regularize.values" "approx" "FUN" "lapply" 
"FUN" "lapply" 
"approx" "FUN" "lapply" 
"match.call" "stopifnot" "approx" "FUN" "lapply" 
"regularize.values" "approx" "FUN" "lapply" 
"[.data.frame" "[" "which" "FUN" "lapply" 
"approx" "FUN" "lapply" 
"stopifnot" "approx" "FUN" "lapply" 
"match.call" "stopifnot" "approx" "FUN" "lapply" 
"unique.default" "unique" "regularize.values" "approx" "FUN" "lapply" 
"FUN" "lapply" 
"unlist" "order" "regularize.values" "approx" "FUN" "lapply" 
"order" "regularize.values" "approx" "FUN" "lapply" 
"names" "names" "[.data.frame" "[" "which" "FUN" "lapply" 
"approx" "FUN" "lapply" 
"nargs" "[.data.frame" "[" "which" "FUN" "lapply" 
"[" "which" "FUN" "lapply" 
"order" "regularize.values" "approx" "FUN" "lapply" 
"match" "%in%" "[.data.frame" "[" "which" "FUN" "lapply" 
"FUN" "lapply" 
"unlist" "order" "regularize.values" "approx" "FUN" "lapply" 
"[.data.frame" "[" "which" "FUN" "lapply" 
"regularize.values" "approx" "FUN" "lapply" 
"stopifnot" "approx" "FUN" "lapply" 
"lapply" "unlist" "order" "regularize.values" "approx" "FUN" "lapply" 
"names" "names" "[.data.frame" "[" "which" "FUN" "lapply" 
"[" "which" "FUN" "lapply" 
"stopifnot" "approx" "FUN" "lapply" 
"xy.coords" "regularize.values" "approx" "FUN" "lapply" 
"sys.call" "match.call" "stopifnot" "approx" "FUN" "lapply" 
"names" "names" "[.data.frame" "[" "which" "FUN" "lapply" 
"order" "regularize.values" "approx" "FUN" "lapply" 
"order" "regularize.values" "approx" "FUN" "lapply" 
"unique.default" "unique" "regularize.values" "approx" "FUN" "lapply" 
"approx" "FUN" "lapply" 
"lapply" "unlist" "order" "regularize.values" "approx" "FUN" "lapply" 
"order" "regularize.values" "approx" "FUN" "lapply" 
"[.data.frame" "[" "xy.coords" "regularize.values" "approx" "FUN" "lapply" 
"approx" "FUN" "lapply" 
"match" "%in%" "[.data.frame" "[" "xy.coords" "regularize.values" "approx" "FUN" "lapply" 
"unlist" "order" "regularize.values" "approx" "FUN" "lapply" 
"regularize.values" "approx" "FUN" "lapply" 
"FUN" "lapply" 
"list" "xy.coords" "regularize.values" "approx" "FUN" "lapply" 
"match.call" "stopifnot" "approx" "FUN" "lapply" 
"approx" "FUN" "lapply" 
"%in%" "[.data.frame" "[" "xy.coords" "regularize.values" "approx" "FUN" "lapply" 
"order" "regularize.values" "approx" "FUN" "lapply" 
"[.data.frame" "[" "xy.coords" "regularize.values" "approx" "FUN" "lapply" 
"all" "stopifnot" "approx" "FUN" "lapply" 
"[.data.frame" "[" "xy.coords" "regularize.values" "approx" "FUN" "lapply" 
"[.data.frame" "[" "xy.coords" "regularize.values" "approx" "FUN" "lapply" 
"is.na" "regularize.values" "approx" "FUN" "lapply" 
"<" "which" "FUN" "lapply" 
"[.data.frame" "[" "which" "FUN" "lapply" 
"approx" "FUN" "lapply" 
"order" "regularize.values" "approx" "FUN" "lapply" 
"[.data.frame" "[" "which" "FUN" "lapply" 
"[" "which" "FUN" "lapply" 
"xy.coords" "regularize.values" "approx" "FUN" "lapply" 
"[" "which" "FUN" "lapply" 
"xy.coords" "regularize.values" "approx" "FUN" "lapply" 
"regularize.values" "approx" "FUN" "lapply" 
"match.call" "stopifnot" "approx" "FUN" "lapply" 
"<" "which" "FUN" "lapply" 
"lapply" 
"sys.call" "match" "%in%" "[.data.frame" "[" "xy.coords" "regularize.values" "approx" "FUN" "lapply" 
"[.data.frame" "[" "xy.coords" "regularize.values" "approx" "FUN" "lapply" 
"[.data.frame" "[" "xy.coords" "regularize.values" "approx" "FUN" "lapply" 
"[.data.frame" "[" "xy.coords" "regularize.values" "approx" "FUN" "lapply" 
"[.data.frame" "[" "xy.coords" "regularize.values" "approx" "FUN" "lapply" 
"[.data.frame" "[" "xy.coords" "regularize.values" "approx" "FUN" "lapply" 
"match" "%in%" "[.data.frame" "[" "xy.coords" "regularize.values" "approx" "FUN" "lapply" 
"&" "which" "FUN" "lapply" 
"which" "FUN" "lapply" 
"regularize.values" "approx" "FUN" "lapply" 
".subset2" "[.data.frame" "[" "xy.coords" "regularize.values" "approx" "FUN" "lapply" 
"sys.function" "match.call" "stopifnot" "approx" "FUN" "lapply" 
"lapply" 
"order" "regularize.values" "approx" "FUN" "lapply" 
"approx" "FUN" "lapply" 
"unique" "regularize.values" "approx" "FUN" "lapply" 
"unique.default" "unique" "regularize.values" "approx" "FUN" "lapply" 
"%in%" "[.data.frame" "[" "xy.coords" "regularize.values" "approx" "FUN" "lapply" 
"[.data.frame" "[" "which" "FUN" "lapply" 
"approx" "FUN" "lapply" 
"names" "[.data.frame" "[" "xy.coords" "regularize.values" "approx" "FUN" "lapply" 
"match.call" "stopifnot" "approx" "FUN" "lapply" 
"FUN" "lapply" 
"match.call" "stopifnot" "approx" "FUN" "lapply" 
"approx" "FUN" "lapply" 
"unique" "regularize.values" "approx" "FUN" "lapply" 
"sys.function" "match.call" "stopifnot" "approx" "FUN" "lapply" 
"regularize.values" "approx" "FUN" "lapply" 
"match.call" "stopifnot" "approx" "FUN" "lapply" 
"match" "%in%" "[.data.frame" "[" "xy.coords" "regularize.values" "approx" "FUN" "lapply" 
"match" "%in%" "[.data.frame" "[" "xy.coords" "regularize.values" "approx" "FUN" "lapply" 
"unlist" "order" "regularize.values" "approx" "FUN" "lapply" 
"names" "names" "[.data.frame" "[" "which" "FUN" "lapply" 
"[.data.frame" "[" "xy.coords" "regularize.values" "approx" "FUN" "lapply" 
"[.data.frame" "[" "xy.coords" "regularize.values" "approx" "FUN" "lapply" 
"unique.default" "unique" "regularize.values" "approx" "FUN" "lapply" 
"match.call" "stopifnot" "approx" "FUN" "lapply" 
"[.data.frame" "[" "which" "FUN" "lapply" 
"%in%" "[.data.frame" "[" "which" "FUN" "lapply" 
"sys.call" "match.call" "stopifnot" "approx" "FUN" "lapply" 
"FUN" "lapply" 
"all" "stopifnot" "approx" "FUN" "lapply" 
"approx" "FUN" "lapply" 
"approx" "FUN" "lapply" 
"pmatch" "approx" "FUN" "lapply" 
"all" "[.data.frame" "[" "which" "FUN" "lapply" 
"order" "regularize.values" "approx" "FUN" "lapply" 
"unique.default" "unique" "regularize.values" "approx" "FUN" "lapply" 
"is.factor" "unique.default" "unique" "regularize.values" "approx" "FUN" "lapply" 
"unique" "regularize.values" "approx" "FUN" "lapply" 
"regularize.values" "approx" "FUN" "lapply" 
"regularize.values" "approx" "FUN" "lapply" 
"stopifnot" "approx" "FUN" "lapply" 
"order" "regularize.values" "approx" "FUN" "lapply" 
"lapply" "unlist" "order" "regularize.values" "approx" "FUN" "lapply" 
"stopifnot" "approx" "FUN" "lapply" 
"lapply" "unlist" "order" "regularize.values" "approx" "FUN" "lapply" 
"stopifnot" "approx" "FUN" "lapply" 
"match.call" "stopifnot" "approx" "FUN" "lapply" 
"approx" "FUN" "lapply" 
"order" "regularize.values" "approx" "FUN" "lapply" 
"[.data.frame" "[" "xy.coords" "regularize.values" "approx" "FUN" "lapply" 
"order" "regularize.values" "approx" "FUN" "lapply" 
"[.data.frame" "[" "which" "FUN" "lapply" 
"approx" "FUN" "lapply" 
"unique.default" "unique" "regularize.values" "approx" "FUN" "lapply" 
"regularize.values" "approx" "FUN" "lapply" 
"is.factor" "unique.default" "unique" "regularize.values" "approx" "FUN" "lapply" 
"unique.default" "unique" "regularize.values" "approx" "FUN" "lapply" 
"sys.parent" "sys.function" "match.call" "stopifnot" "approx" "FUN" "lapply" 
"unique.default" "unique" "regularize.values" "approx" "FUN" "lapply" 
"which" "FUN" "lapply" 
"pmatch" "approx" "FUN" "lapply" 
"is.factor" "order" "regularize.values" "approx" "FUN" "lapply" 
"[.data.frame" "[" "xy.coords" "regularize.values" "approx" "FUN" "lapply" 
"approx" "FUN" "lapply" 
"[.data.frame" "[" "which" "FUN" "lapply" 
"regularize.values" "approx" "FUN" "lapply" 
"match.call" "stopifnot" "approx" "FUN" "lapply" 
"which" "FUN" "lapply" 
"unlist" "order" "regularize.values" "approx" "FUN" "lapply" 
"names" "[.data.frame" "[" "which" "FUN" "lapply" 
"is.factor" "order" "regularize.values" "approx" "FUN" "lapply" 
"FUN" "lapply" 
"sys.parent" "sys.function" "match.call" "stopifnot" "approx" "FUN" "lapply" 
"order" "regularize.values" "approx" "FUN" "lapply" 
"order" "regularize.values" "approx" "FUN" "lapply" 
"regularize.values" "approx" "FUN" "lapply" 
".subset" "[.data.frame" "[" "xy.coords" "regularize.values" "approx" "FUN" "lapply" 
"approx" "FUN" "lapply" 
"[.data.frame" "[" "which" "FUN" "lapply" 
"unique.default" "unique" "regularize.values" "approx" "FUN" "lapply" 
"regularize.values" "approx" "FUN" "lapply" 
"unique.default" "unique" "regularize.values" "approx" "FUN" "lapply" 
"match" "%in%" "[.data.frame" "[" "xy.coords" "regularize.values" "approx" "FUN" "lapply" 
"names" "[.data.frame" "[" "which" "FUN" "lapply" 
"[.data.frame" "[" "xy.coords" "regularize.values" "approx" "FUN" "lapply" 
"[.data.frame" "[" "which" "FUN" "lapply" 
"approx" "FUN" "lapply" 
"[.data.frame" "[" "which" "FUN" "lapply" 
